<?xml version="1.0" encoding="UTF-8"?>
<robot generator="Robot 5.0.1 (Python 3.10.2 on win32)" generated="20230514 22:40:47.757" rpa="false" schemaversion="3">
<suite id="s1" name="Datadriven" source="c:\Users\zdrav\Projects\Robotframework\robotframework\tests\datadriven.robot">
<test id="s1-t1" name="Valid case to try" line="20">
<kw name="Login with invalid credentials should fail">
<arg>${VALID USER}</arg>
<arg>${VALID PASSWORD}</arg>
<arg>First name</arg>
<kw name="Open a website" library="keywords">
<kw name="Open Browser" library="RPA.Browser.Selenium">
<arg>https://robotsparebinindustries.com/</arg>
<arg>Chrome</arg>
<doc>Opens a new browser instance to the optional ``url``.</doc>
<msg timestamp="20230514 22:40:49.931" level="INFO">Opening browser 'Chrome' to base url 'https://robotsparebinindustries.com/'.</msg>
<status status="PASS" starttime="20230514 22:40:49.929" endtime="20230514 22:40:51.416"/>
</kw>
<status status="PASS" starttime="20230514 22:40:49.928" endtime="20230514 22:40:51.417"/>
</kw>
<kw name="Login with credentials" library="keywords">
<arg>${username}</arg>
<arg>${password}</arg>
<kw name="Input Text" library="RPA.Browser.Selenium">
<arg>id:username</arg>
<arg>${username}</arg>
<doc>Types the given ``text`` into the text field identified by ``locator``.</doc>
<msg timestamp="20230514 22:40:51.421" level="INFO">Typing text 'maria' into text field 'id:username'.</msg>
<status status="PASS" starttime="20230514 22:40:51.419" endtime="20230514 22:40:51.493"/>
</kw>
<kw name="Input Password" library="RPA.Browser.Selenium">
<arg>id:password</arg>
<arg>${password}</arg>
<doc>Types the given password into the text field identified by ``locator``.</doc>
<msg timestamp="20230514 22:40:51.495" level="INFO">Typing password into text field 'id:password'.</msg>
<msg timestamp="20230514 22:40:51.521" level="INFO">Temporally setting log level to: NONE</msg>
<msg timestamp="20230514 22:40:51.556" level="INFO">Log level changed from NONE to INFO.</msg>
<status status="PASS" starttime="20230514 22:40:51.494" endtime="20230514 22:40:51.556"/>
</kw>
<kw name="Submit Form" library="RPA.Browser.Selenium">
<doc>Submits a form identified by ``locator``.</doc>
<msg timestamp="20230514 22:40:51.557" level="INFO">Submitting form 'None'.</msg>
<status status="PASS" starttime="20230514 22:40:51.557" endtime="20230514 22:40:51.576"/>
</kw>
<kw name="Sleep" library="BuiltIn">
<arg>3</arg>
<doc>Pauses the test executed for the given time.</doc>
<msg timestamp="20230514 22:40:54.583" level="INFO">Slept 3 seconds</msg>
<status status="PASS" starttime="20230514 22:40:51.577" endtime="20230514 22:40:54.583"/>
</kw>
<status status="PASS" starttime="20230514 22:40:51.418" endtime="20230514 22:40:54.585"/>
</kw>
<kw name="Run Keyword And Continue On Failure" library="BuiltIn">
<arg>Page Should Contain</arg>
<arg>${expected}</arg>
<doc>Runs the keyword and continues execution even if a failure occurs.</doc>
<kw name="Page Should Contain" library="RPA.Browser.Selenium">
<arg>${expected}</arg>
<doc>Verifies that current page contains ``text``.</doc>
<msg timestamp="20230514 22:40:54.600" level="INFO">Current page contains text 'First name'.</msg>
<status status="PASS" starttime="20230514 22:40:54.586" endtime="20230514 22:40:54.600"/>
</kw>
<status status="PASS" starttime="20230514 22:40:54.585" endtime="20230514 22:40:54.600"/>
</kw>
<status status="PASS" starttime="20230514 22:40:49.926" endtime="20230514 22:40:54.600"/>
</kw>
<kw name="Close Browser" library="RPA.Browser.Selenium" type="TEARDOWN">
<doc>Closes the current browser.</doc>
<status status="PASS" starttime="20230514 22:40:54.602" endtime="20230514 22:40:56.672"/>
</kw>
<status status="PASS" starttime="20230514 22:40:49.923" endtime="20230514 22:40:56.673"/>
</test>
<test id="s1-t2" name="Invalid User Name" line="21">
<kw name="Login with invalid credentials should fail">
<arg>invalid</arg>
<arg>${VALID PASSWORD}</arg>
<arg>Invalid username or password</arg>
<kw name="Open a website" library="keywords">
<kw name="Open Browser" library="RPA.Browser.Selenium">
<arg>https://robotsparebinindustries.com/</arg>
<arg>Chrome</arg>
<doc>Opens a new browser instance to the optional ``url``.</doc>
<msg timestamp="20230514 22:40:56.681" level="INFO">Opening browser 'Chrome' to base url 'https://robotsparebinindustries.com/'.</msg>
<status status="PASS" starttime="20230514 22:40:56.680" endtime="20230514 22:40:58.217"/>
</kw>
<status status="PASS" starttime="20230514 22:40:56.679" endtime="20230514 22:40:58.217"/>
</kw>
<kw name="Login with credentials" library="keywords">
<arg>${username}</arg>
<arg>${password}</arg>
<kw name="Input Text" library="RPA.Browser.Selenium">
<arg>id:username</arg>
<arg>${username}</arg>
<doc>Types the given ``text`` into the text field identified by ``locator``.</doc>
<msg timestamp="20230514 22:40:58.220" level="INFO">Typing text 'invalid' into text field 'id:username'.</msg>
<status status="PASS" starttime="20230514 22:40:58.219" endtime="20230514 22:40:58.290"/>
</kw>
<kw name="Input Password" library="RPA.Browser.Selenium">
<arg>id:password</arg>
<arg>${password}</arg>
<doc>Types the given password into the text field identified by ``locator``.</doc>
<msg timestamp="20230514 22:40:58.292" level="INFO">Typing password into text field 'id:password'.</msg>
<msg timestamp="20230514 22:40:58.317" level="INFO">Temporally setting log level to: NONE</msg>
<msg timestamp="20230514 22:40:58.352" level="INFO">Log level changed from NONE to INFO.</msg>
<status status="PASS" starttime="20230514 22:40:58.291" endtime="20230514 22:40:58.352"/>
</kw>
<kw name="Submit Form" library="RPA.Browser.Selenium">
<doc>Submits a form identified by ``locator``.</doc>
<msg timestamp="20230514 22:40:58.353" level="INFO">Submitting form 'None'.</msg>
<status status="PASS" starttime="20230514 22:40:58.353" endtime="20230514 22:40:58.372"/>
</kw>
<kw name="Sleep" library="BuiltIn">
<arg>3</arg>
<doc>Pauses the test executed for the given time.</doc>
<msg timestamp="20230514 22:41:01.375" level="INFO">Slept 3 seconds</msg>
<status status="PASS" starttime="20230514 22:40:58.373" endtime="20230514 22:41:01.375"/>
</kw>
<status status="PASS" starttime="20230514 22:40:58.218" endtime="20230514 22:41:01.376"/>
</kw>
<kw name="Run Keyword And Continue On Failure" library="BuiltIn">
<arg>Page Should Contain</arg>
<arg>${expected}</arg>
<doc>Runs the keyword and continues execution even if a failure occurs.</doc>
<kw name="Page Should Contain" library="RPA.Browser.Selenium">
<arg>${expected}</arg>
<doc>Verifies that current page contains ``text``.</doc>
<msg timestamp="20230514 22:41:01.390" level="INFO">Current page contains text 'Invalid username or password'.</msg>
<status status="PASS" starttime="20230514 22:41:01.378" endtime="20230514 22:41:01.391"/>
</kw>
<status status="PASS" starttime="20230514 22:41:01.377" endtime="20230514 22:41:01.391"/>
</kw>
<status status="PASS" starttime="20230514 22:40:56.678" endtime="20230514 22:41:01.392"/>
</kw>
<kw name="Close Browser" library="RPA.Browser.Selenium" type="TEARDOWN">
<doc>Closes the current browser.</doc>
<status status="PASS" starttime="20230514 22:41:01.393" endtime="20230514 22:41:03.473"/>
</kw>
<status status="PASS" starttime="20230514 22:40:56.676" endtime="20230514 22:41:03.475"/>
</test>
<test id="s1-t3" name="Invalid Password" line="22">
<kw name="Login with invalid credentials should fail">
<arg>${VALID USER}</arg>
<arg>invalid</arg>
<arg>Invalid username or password</arg>
<kw name="Open a website" library="keywords">
<kw name="Open Browser" library="RPA.Browser.Selenium">
<arg>https://robotsparebinindustries.com/</arg>
<arg>Chrome</arg>
<doc>Opens a new browser instance to the optional ``url``.</doc>
<msg timestamp="20230514 22:41:03.483" level="INFO">Opening browser 'Chrome' to base url 'https://robotsparebinindustries.com/'.</msg>
<status status="PASS" starttime="20230514 22:41:03.482" endtime="20230514 22:41:05.016"/>
</kw>
<status status="PASS" starttime="20230514 22:41:03.481" endtime="20230514 22:41:05.018"/>
</kw>
<kw name="Login with credentials" library="keywords">
<arg>${username}</arg>
<arg>${password}</arg>
<kw name="Input Text" library="RPA.Browser.Selenium">
<arg>id:username</arg>
<arg>${username}</arg>
<doc>Types the given ``text`` into the text field identified by ``locator``.</doc>
<msg timestamp="20230514 22:41:05.021" level="INFO">Typing text 'maria' into text field 'id:username'.</msg>
<status status="PASS" starttime="20230514 22:41:05.020" endtime="20230514 22:41:05.090"/>
</kw>
<kw name="Input Password" library="RPA.Browser.Selenium">
<arg>id:password</arg>
<arg>${password}</arg>
<doc>Types the given password into the text field identified by ``locator``.</doc>
<msg timestamp="20230514 22:41:05.091" level="INFO">Typing password into text field 'id:password'.</msg>
<msg timestamp="20230514 22:41:05.118" level="INFO">Temporally setting log level to: NONE</msg>
<msg timestamp="20230514 22:41:05.149" level="INFO">Log level changed from NONE to INFO.</msg>
<status status="PASS" starttime="20230514 22:41:05.090" endtime="20230514 22:41:05.150"/>
</kw>
<kw name="Submit Form" library="RPA.Browser.Selenium">
<doc>Submits a form identified by ``locator``.</doc>
<msg timestamp="20230514 22:41:05.151" level="INFO">Submitting form 'None'.</msg>
<status status="PASS" starttime="20230514 22:41:05.150" endtime="20230514 22:41:05.170"/>
</kw>
<kw name="Sleep" library="BuiltIn">
<arg>3</arg>
<doc>Pauses the test executed for the given time.</doc>
<msg timestamp="20230514 22:41:08.185" level="INFO">Slept 3 seconds</msg>
<status status="PASS" starttime="20230514 22:41:05.170" endtime="20230514 22:41:08.185"/>
</kw>
<status status="PASS" starttime="20230514 22:41:05.018" endtime="20230514 22:41:08.186"/>
</kw>
<kw name="Run Keyword And Continue On Failure" library="BuiltIn">
<arg>Page Should Contain</arg>
<arg>${expected}</arg>
<doc>Runs the keyword and continues execution even if a failure occurs.</doc>
<kw name="Page Should Contain" library="RPA.Browser.Selenium">
<arg>${expected}</arg>
<doc>Verifies that current page contains ``text``.</doc>
<msg timestamp="20230514 22:41:08.201" level="INFO">Current page contains text 'Invalid username or password'.</msg>
<status status="PASS" starttime="20230514 22:41:08.188" endtime="20230514 22:41:08.201"/>
</kw>
<status status="PASS" starttime="20230514 22:41:08.187" endtime="20230514 22:41:08.202"/>
</kw>
<status status="PASS" starttime="20230514 22:41:03.479" endtime="20230514 22:41:08.202"/>
</kw>
<kw name="Close Browser" library="RPA.Browser.Selenium" type="TEARDOWN">
<doc>Closes the current browser.</doc>
<status status="PASS" starttime="20230514 22:41:08.203" endtime="20230514 22:41:10.272"/>
</kw>
<status status="PASS" starttime="20230514 22:41:03.477" endtime="20230514 22:41:10.274"/>
</test>
<test id="s1-t4" name="Invalid User Name and Password" line="23">
<kw name="Login with invalid credentials should fail">
<arg>invalid</arg>
<arg>invalid</arg>
<arg>Invalid username or password</arg>
<kw name="Open a website" library="keywords">
<kw name="Open Browser" library="RPA.Browser.Selenium">
<arg>https://robotsparebinindustries.com/</arg>
<arg>Chrome</arg>
<doc>Opens a new browser instance to the optional ``url``.</doc>
<msg timestamp="20230514 22:41:10.282" level="INFO">Opening browser 'Chrome' to base url 'https://robotsparebinindustries.com/'.</msg>
<status status="PASS" starttime="20230514 22:41:10.281" endtime="20230514 22:41:11.767"/>
</kw>
<status status="PASS" starttime="20230514 22:41:10.280" endtime="20230514 22:41:11.767"/>
</kw>
<kw name="Login with credentials" library="keywords">
<arg>${username}</arg>
<arg>${password}</arg>
<kw name="Input Text" library="RPA.Browser.Selenium">
<arg>id:username</arg>
<arg>${username}</arg>
<doc>Types the given ``text`` into the text field identified by ``locator``.</doc>
<msg timestamp="20230514 22:41:11.770" level="INFO">Typing text 'invalid' into text field 'id:username'.</msg>
<status status="PASS" starttime="20230514 22:41:11.769" endtime="20230514 22:41:11.840"/>
</kw>
<kw name="Input Password" library="RPA.Browser.Selenium">
<arg>id:password</arg>
<arg>${password}</arg>
<doc>Types the given password into the text field identified by ``locator``.</doc>
<msg timestamp="20230514 22:41:11.842" level="INFO">Typing password into text field 'id:password'.</msg>
<msg timestamp="20230514 22:41:11.868" level="INFO">Temporally setting log level to: NONE</msg>
<msg timestamp="20230514 22:41:11.898" level="INFO">Log level changed from NONE to INFO.</msg>
<status status="PASS" starttime="20230514 22:41:11.841" endtime="20230514 22:41:11.899"/>
</kw>
<kw name="Submit Form" library="RPA.Browser.Selenium">
<doc>Submits a form identified by ``locator``.</doc>
<msg timestamp="20230514 22:41:11.900" level="INFO">Submitting form 'None'.</msg>
<status status="PASS" starttime="20230514 22:41:11.900" endtime="20230514 22:41:11.918"/>
</kw>
<kw name="Sleep" library="BuiltIn">
<arg>3</arg>
<doc>Pauses the test executed for the given time.</doc>
<msg timestamp="20230514 22:41:14.925" level="INFO">Slept 3 seconds</msg>
<status status="PASS" starttime="20230514 22:41:11.919" endtime="20230514 22:41:14.925"/>
</kw>
<status status="PASS" starttime="20230514 22:41:11.768" endtime="20230514 22:41:14.926"/>
</kw>
<kw name="Run Keyword And Continue On Failure" library="BuiltIn">
<arg>Page Should Contain</arg>
<arg>${expected}</arg>
<doc>Runs the keyword and continues execution even if a failure occurs.</doc>
<kw name="Page Should Contain" library="RPA.Browser.Selenium">
<arg>${expected}</arg>
<doc>Verifies that current page contains ``text``.</doc>
<msg timestamp="20230514 22:41:14.940" level="INFO">Current page contains text 'Invalid username or password'.</msg>
<status status="PASS" starttime="20230514 22:41:14.927" endtime="20230514 22:41:14.941"/>
</kw>
<status status="PASS" starttime="20230514 22:41:14.926" endtime="20230514 22:41:14.941"/>
</kw>
<status status="PASS" starttime="20230514 22:41:10.278" endtime="20230514 22:41:14.941"/>
</kw>
<kw name="Close Browser" library="RPA.Browser.Selenium" type="TEARDOWN">
<doc>Closes the current browser.</doc>
<status status="PASS" starttime="20230514 22:41:14.942" endtime="20230514 22:41:17.010"/>
</kw>
<status status="PASS" starttime="20230514 22:41:10.277" endtime="20230514 22:41:17.011"/>
</test>
<test id="s1-t5" name="Empty User Name" line="24">
<kw name="Login with invalid credentials should fail">
<arg>${EMPTY}</arg>
<arg>${VALID PASSWORD}</arg>
<arg>Invalid username or password</arg>
<kw name="Open a website" library="keywords">
<kw name="Open Browser" library="RPA.Browser.Selenium">
<arg>https://robotsparebinindustries.com/</arg>
<arg>Chrome</arg>
<doc>Opens a new browser instance to the optional ``url``.</doc>
<msg timestamp="20230514 22:41:17.022" level="INFO">Opening browser 'Chrome' to base url 'https://robotsparebinindustries.com/'.</msg>
<status status="PASS" starttime="20230514 22:41:17.020" endtime="20230514 22:41:18.471"/>
</kw>
<status status="PASS" starttime="20230514 22:41:17.020" endtime="20230514 22:41:18.473"/>
</kw>
<kw name="Login with credentials" library="keywords">
<arg>${username}</arg>
<arg>${password}</arg>
<kw name="Input Text" library="RPA.Browser.Selenium">
<arg>id:username</arg>
<arg>${username}</arg>
<doc>Types the given ``text`` into the text field identified by ``locator``.</doc>
<msg timestamp="20230514 22:41:18.475" level="INFO">Typing text '' into text field 'id:username'.</msg>
<status status="PASS" starttime="20230514 22:41:18.474" endtime="20230514 22:41:18.540"/>
</kw>
<kw name="Input Password" library="RPA.Browser.Selenium">
<arg>id:password</arg>
<arg>${password}</arg>
<doc>Types the given password into the text field identified by ``locator``.</doc>
<msg timestamp="20230514 22:41:18.541" level="INFO">Typing password into text field 'id:password'.</msg>
<msg timestamp="20230514 22:41:18.568" level="INFO">Temporally setting log level to: NONE</msg>
<msg timestamp="20230514 22:41:18.603" level="INFO">Log level changed from NONE to INFO.</msg>
<status status="PASS" starttime="20230514 22:41:18.540" endtime="20230514 22:41:18.604"/>
</kw>
<kw name="Submit Form" library="RPA.Browser.Selenium">
<doc>Submits a form identified by ``locator``.</doc>
<msg timestamp="20230514 22:41:18.605" level="INFO">Submitting form 'None'.</msg>
<status status="PASS" starttime="20230514 22:41:18.604" endtime="20230514 22:41:18.623"/>
</kw>
<kw name="Sleep" library="BuiltIn">
<arg>3</arg>
<doc>Pauses the test executed for the given time.</doc>
<msg timestamp="20230514 22:41:21.637" level="INFO">Slept 3 seconds</msg>
<status status="PASS" starttime="20230514 22:41:18.623" endtime="20230514 22:41:21.637"/>
</kw>
<status status="PASS" starttime="20230514 22:41:18.473" endtime="20230514 22:41:21.638"/>
</kw>
<kw name="Run Keyword And Continue On Failure" library="BuiltIn">
<arg>Page Should Contain</arg>
<arg>${expected}</arg>
<doc>Runs the keyword and continues execution even if a failure occurs.</doc>
<kw name="Page Should Contain" library="RPA.Browser.Selenium">
<arg>${expected}</arg>
<doc>Verifies that current page contains ``text``.</doc>
<msg timestamp="20230514 22:41:21.651" level="INFO">Current page contains text 'Invalid username or password'.</msg>
<status status="PASS" starttime="20230514 22:41:21.640" endtime="20230514 22:41:21.651"/>
</kw>
<status status="PASS" starttime="20230514 22:41:21.639" endtime="20230514 22:41:21.652"/>
</kw>
<status status="PASS" starttime="20230514 22:41:17.016" endtime="20230514 22:41:21.652"/>
</kw>
<kw name="Close Browser" library="RPA.Browser.Selenium" type="TEARDOWN">
<doc>Closes the current browser.</doc>
<status status="PASS" starttime="20230514 22:41:21.654" endtime="20230514 22:41:23.719"/>
</kw>
<status status="PASS" starttime="20230514 22:41:17.014" endtime="20230514 22:41:23.721"/>
</test>
<test id="s1-t6" name="Empty Password" line="25">
<kw name="Login with invalid credentials should fail">
<arg>${VALID USER}</arg>
<arg>${EMPTY}</arg>
<arg>Invalid username or password</arg>
<kw name="Open a website" library="keywords">
<kw name="Open Browser" library="RPA.Browser.Selenium">
<arg>https://robotsparebinindustries.com/</arg>
<arg>Chrome</arg>
<doc>Opens a new browser instance to the optional ``url``.</doc>
<msg timestamp="20230514 22:41:23.729" level="INFO">Opening browser 'Chrome' to base url 'https://robotsparebinindustries.com/'.</msg>
<status status="PASS" starttime="20230514 22:41:23.728" endtime="20230514 22:41:25.173"/>
</kw>
<status status="PASS" starttime="20230514 22:41:23.727" endtime="20230514 22:41:25.174"/>
</kw>
<kw name="Login with credentials" library="keywords">
<arg>${username}</arg>
<arg>${password}</arg>
<kw name="Input Text" library="RPA.Browser.Selenium">
<arg>id:username</arg>
<arg>${username}</arg>
<doc>Types the given ``text`` into the text field identified by ``locator``.</doc>
<msg timestamp="20230514 22:41:25.177" level="INFO">Typing text 'maria' into text field 'id:username'.</msg>
<status status="PASS" starttime="20230514 22:41:25.176" endtime="20230514 22:41:25.245"/>
</kw>
<kw name="Input Password" library="RPA.Browser.Selenium">
<arg>id:password</arg>
<arg>${password}</arg>
<doc>Types the given password into the text field identified by ``locator``.</doc>
<msg timestamp="20230514 22:41:25.247" level="INFO">Typing password into text field 'id:password'.</msg>
<msg timestamp="20230514 22:41:25.273" level="INFO">Temporally setting log level to: NONE</msg>
<msg timestamp="20230514 22:41:25.300" level="INFO">Log level changed from NONE to INFO.</msg>
<status status="PASS" starttime="20230514 22:41:25.245" endtime="20230514 22:41:25.301"/>
</kw>
<kw name="Submit Form" library="RPA.Browser.Selenium">
<doc>Submits a form identified by ``locator``.</doc>
<msg timestamp="20230514 22:41:25.303" level="INFO">Submitting form 'None'.</msg>
<status status="PASS" starttime="20230514 22:41:25.302" endtime="20230514 22:41:25.322"/>
</kw>
<kw name="Sleep" library="BuiltIn">
<arg>3</arg>
<doc>Pauses the test executed for the given time.</doc>
<msg timestamp="20230514 22:41:28.324" level="INFO">Slept 3 seconds</msg>
<status status="PASS" starttime="20230514 22:41:25.322" endtime="20230514 22:41:28.324"/>
</kw>
<status status="PASS" starttime="20230514 22:41:25.174" endtime="20230514 22:41:28.325"/>
</kw>
<kw name="Run Keyword And Continue On Failure" library="BuiltIn">
<arg>Page Should Contain</arg>
<arg>${expected}</arg>
<doc>Runs the keyword and continues execution even if a failure occurs.</doc>
<kw name="Page Should Contain" library="RPA.Browser.Selenium">
<arg>${expected}</arg>
<doc>Verifies that current page contains ``text``.</doc>
<msg timestamp="20230514 22:41:28.339" level="INFO">Current page contains text 'Invalid username or password'.</msg>
<status status="PASS" starttime="20230514 22:41:28.326" endtime="20230514 22:41:28.339"/>
</kw>
<status status="PASS" starttime="20230514 22:41:28.325" endtime="20230514 22:41:28.340"/>
</kw>
<status status="PASS" starttime="20230514 22:41:23.725" endtime="20230514 22:41:28.340"/>
</kw>
<kw name="Close Browser" library="RPA.Browser.Selenium" type="TEARDOWN">
<doc>Closes the current browser.</doc>
<status status="PASS" starttime="20230514 22:41:28.341" endtime="20230514 22:41:30.418"/>
</kw>
<status status="PASS" starttime="20230514 22:41:23.723" endtime="20230514 22:41:30.420"/>
</test>
<test id="s1-t7" name="Empty User Name and Password" line="26">
<kw name="Login with invalid credentials should fail">
<arg>${EMPTY}</arg>
<arg>${EMPTY}</arg>
<arg>Invalid username or password</arg>
<kw name="Open a website" library="keywords">
<kw name="Open Browser" library="RPA.Browser.Selenium">
<arg>https://robotsparebinindustries.com/</arg>
<arg>Chrome</arg>
<doc>Opens a new browser instance to the optional ``url``.</doc>
<msg timestamp="20230514 22:41:30.429" level="INFO">Opening browser 'Chrome' to base url 'https://robotsparebinindustries.com/'.</msg>
<status status="PASS" starttime="20230514 22:41:30.428" endtime="20230514 22:41:31.850"/>
</kw>
<status status="PASS" starttime="20230514 22:41:30.427" endtime="20230514 22:41:31.851"/>
</kw>
<kw name="Login with credentials" library="keywords">
<arg>${username}</arg>
<arg>${password}</arg>
<kw name="Input Text" library="RPA.Browser.Selenium">
<arg>id:username</arg>
<arg>${username}</arg>
<doc>Types the given ``text`` into the text field identified by ``locator``.</doc>
<msg timestamp="20230514 22:41:31.853" level="INFO">Typing text '' into text field 'id:username'.</msg>
<status status="PASS" starttime="20230514 22:41:31.853" endtime="20230514 22:41:31.929"/>
</kw>
<kw name="Input Password" library="RPA.Browser.Selenium">
<arg>id:password</arg>
<arg>${password}</arg>
<doc>Types the given password into the text field identified by ``locator``.</doc>
<msg timestamp="20230514 22:41:31.930" level="INFO">Typing password into text field 'id:password'.</msg>
<msg timestamp="20230514 22:41:31.956" level="INFO">Temporally setting log level to: NONE</msg>
<msg timestamp="20230514 22:41:31.982" level="INFO">Log level changed from NONE to INFO.</msg>
<status status="PASS" starttime="20230514 22:41:31.929" endtime="20230514 22:41:31.983"/>
</kw>
<kw name="Submit Form" library="RPA.Browser.Selenium">
<doc>Submits a form identified by ``locator``.</doc>
<msg timestamp="20230514 22:41:31.984" level="INFO">Submitting form 'None'.</msg>
<status status="PASS" starttime="20230514 22:41:31.983" endtime="20230514 22:41:32.002"/>
</kw>
<kw name="Sleep" library="BuiltIn">
<arg>3</arg>
<doc>Pauses the test executed for the given time.</doc>
<msg timestamp="20230514 22:41:35.011" level="INFO">Slept 3 seconds</msg>
<status status="PASS" starttime="20230514 22:41:32.002" endtime="20230514 22:41:35.011"/>
</kw>
<status status="PASS" starttime="20230514 22:41:31.852" endtime="20230514 22:41:35.013"/>
</kw>
<kw name="Run Keyword And Continue On Failure" library="BuiltIn">
<arg>Page Should Contain</arg>
<arg>${expected}</arg>
<doc>Runs the keyword and continues execution even if a failure occurs.</doc>
<kw name="Page Should Contain" library="RPA.Browser.Selenium">
<arg>${expected}</arg>
<doc>Verifies that current page contains ``text``.</doc>
<msg timestamp="20230514 22:41:35.026" level="INFO">Current page contains text 'Invalid username or password'.</msg>
<status status="PASS" starttime="20230514 22:41:35.014" endtime="20230514 22:41:35.026"/>
</kw>
<status status="PASS" starttime="20230514 22:41:35.013" endtime="20230514 22:41:35.027"/>
</kw>
<status status="PASS" starttime="20230514 22:41:30.424" endtime="20230514 22:41:35.027"/>
</kw>
<kw name="Close Browser" library="RPA.Browser.Selenium" type="TEARDOWN">
<doc>Closes the current browser.</doc>
<status status="PASS" starttime="20230514 22:41:35.029" endtime="20230514 22:41:37.101"/>
</kw>
<status status="PASS" starttime="20230514 22:41:30.422" endtime="20230514 22:41:37.102"/>
</test>
<doc>The Tests Robot</doc>
<status status="PASS" starttime="20230514 22:40:47.765" endtime="20230514 22:41:37.106"/>
</suite>
<statistics>
<total>
<stat pass="7" fail="0" skip="0">All Tests</stat>
</total>
<tag>
</tag>
<suite>
<stat pass="7" fail="0" skip="0" id="s1" name="Datadriven">Datadriven</stat>
</suite>
</statistics>
<errors>
</errors>
</robot>
