<?xml version="1.0" encoding="UTF-8"?>
<robot generator="Robot 5.0.1 (Python 3.10.2 on win32)" generated="20230514 17:33:46.449" rpa="false" schemaversion="3">
<suite id="s1" name="Tests" source="c:\Users\zdrav\Projects\Robotframework\robotframework\tests\tests.robot">
<test id="s1-t1" name="Test login with correct credentials" line="9">
<kw name="Open a website" library="keywords">
<kw name="Open Browser" library="RPA.Browser.Selenium">
<arg>https://robotsparebinindustries.com/</arg>
<arg>Chrome</arg>
<doc>Opens a new browser instance to the optional ``url``.</doc>
<msg timestamp="20230514 17:33:48.651" level="INFO">Opening browser 'Chrome' to base url 'https://robotsparebinindustries.com/'.</msg>
<status status="PASS" starttime="20230514 17:33:48.649" endtime="20230514 17:33:50.379"/>
</kw>
<status status="PASS" starttime="20230514 17:33:48.647" endtime="20230514 17:33:50.380"/>
</kw>
<kw name="Log in" library="keywords">
<kw name="Get Username" library="data">
<var>${username}</var>
<msg timestamp="20230514 17:33:50.383" level="INFO">${username} = maria</msg>
<status status="PASS" starttime="20230514 17:33:50.382" endtime="20230514 17:33:50.383"/>
</kw>
<kw name="Get Password" library="data">
<var>${password}</var>
<msg timestamp="20230514 17:33:50.384" level="INFO">${password} = thoushallnotpass</msg>
<status status="PASS" starttime="20230514 17:33:50.383" endtime="20230514 17:33:50.385"/>
</kw>
<kw name="Input Text" library="RPA.Browser.Selenium">
<arg>id:username</arg>
<arg>${username}</arg>
<doc>Types the given ``text`` into the text field identified by ``locator``.</doc>
<msg timestamp="20230514 17:33:50.387" level="INFO">Typing text 'maria' into text field 'id:username'.</msg>
<status status="PASS" starttime="20230514 17:33:50.385" endtime="20230514 17:33:50.456"/>
</kw>
<kw name="Input Password" library="RPA.Browser.Selenium">
<arg>id:password</arg>
<arg>${password}</arg>
<doc>Types the given password into the text field identified by ``locator``.</doc>
<msg timestamp="20230514 17:33:50.458" level="INFO">Typing password into text field 'id:password'.</msg>
<msg timestamp="20230514 17:33:50.485" level="INFO">Temporally setting log level to: NONE</msg>
<msg timestamp="20230514 17:33:50.521" level="INFO">Log level changed from NONE to INFO.</msg>
<status status="PASS" starttime="20230514 17:33:50.457" endtime="20230514 17:33:50.521"/>
</kw>
<kw name="Submit Form" library="RPA.Browser.Selenium">
<doc>Submits a form identified by ``locator``.</doc>
<msg timestamp="20230514 17:33:50.523" level="INFO">Submitting form 'None'.</msg>
<status status="PASS" starttime="20230514 17:33:50.522" endtime="20230514 17:33:50.540"/>
</kw>
<kw name="Wait Until Page Contains Element" library="RPA.Browser.Selenium">
<arg>id:sales-form</arg>
<doc>Waits until the element ``locator`` appears on the current page.</doc>
<status status="PASS" starttime="20230514 17:33:50.541" endtime="20230514 17:33:52.719"/>
</kw>
<status status="PASS" starttime="20230514 17:33:50.381" endtime="20230514 17:33:52.719"/>
</kw>
<kw name="Run Keyword And Continue On Failure" library="BuiltIn">
<arg>Verify the username</arg>
<arg>maria</arg>
<doc>Runs the keyword and continues execution even if a failure occurs.</doc>
<kw name="Verify the username" library="keywords">
<arg>maria</arg>
<kw name="Page Should Contain" library="RPA.Browser.Selenium">
<arg>${username}</arg>
<doc>Verifies that current page contains ``text``.</doc>
<msg timestamp="20230514 17:33:52.735" level="INFO">Current page contains text 'maria'.</msg>
<status status="PASS" starttime="20230514 17:33:52.723" endtime="20230514 17:33:52.736"/>
</kw>
<status status="PASS" starttime="20230514 17:33:52.721" endtime="20230514 17:33:52.736"/>
</kw>
<status status="PASS" starttime="20230514 17:33:52.720" endtime="20230514 17:33:52.736"/>
</kw>
<kw name="Close Browser" library="RPA.Browser.Selenium" type="TEARDOWN">
<doc>Closes the current browser.</doc>
<status status="PASS" starttime="20230514 17:33:52.738" endtime="20230514 17:33:54.817"/>
</kw>
<status status="PASS" starttime="20230514 17:33:48.644" endtime="20230514 17:33:54.819"/>
</test>
<doc>The Tests Robot</doc>
<status status="PASS" starttime="20230514 17:33:46.457" endtime="20230514 17:33:54.822"/>
</suite>
<statistics>
<total>
<stat pass="1" fail="0" skip="0">All Tests</stat>
</total>
<tag>
</tag>
<suite>
<stat pass="1" fail="0" skip="0" id="s1" name="Tests">Tests</stat>
</suite>
</statistics>
<errors>
</errors>
</robot>
